<?xml version="1.0" encoding="UTF-8" ?>
<testsuite failures="0" time="12.458" errors="1" skipped="0" tests="33" name="com.google.casinocoin.core.WalletTest">
  <properties>
[...]
</properties>
  <testcase time="0.366" classname="com.google.casinocoin.core.WalletTest" name="transactions"/>
  <testcase time="0.312" classname="com.google.casinocoin.core.WalletTest" name="sideChain"/>
  <testcase time="0.336" classname="com.google.casinocoin.core.WalletTest" name="balance"/>
  <testcase time="0.361" classname="com.google.casinocoin.core.WalletTest" name="basicSpending"/>
  <testcase time="0.357" classname="com.google.casinocoin.core.WalletTest" name="customTransactionSpending"/>
  <testcase time="0.342" classname="com.google.casinocoin.core.WalletTest" name="blockChainCatchup"/>
  <testcase time="0.296" classname="com.google.casinocoin.core.WalletTest" name="isConsistent_duplicates"/>
  <testcase time="0.304" classname="com.google.casinocoin.core.WalletTest" name="isConsistent_pools"/>
  <testcase time="0.297" classname="com.google.casinocoin.core.WalletTest" name="isConsistent_spent"/>
  <testcase time="0.344" classname="com.google.casinocoin.core.WalletTest" name="doubleSpendFinneyAttack"/>
  <testcase time="0.357" classname="com.google.casinocoin.core.WalletTest" name="transactionsList"/>
  <testcase time="0.336" classname="com.google.casinocoin.core.WalletTest" name="keyCreationTime"/>
  <testcase time="0.32" classname="com.google.casinocoin.core.WalletTest" name="spendToSameWallet"/>
  <testcase time="0.34" classname="com.google.casinocoin.core.WalletTest" name="rememberLastBlockSeenHash"/>
  <testcase time="0.31" classname="com.google.casinocoin.core.WalletTest" name="pubkeyOnlyScripts"/>
  <testcase time="0.355" classname="com.google.casinocoin.core.WalletTest" name="autosaveImmediate"/>
  <testcase time="1.31" classname="com.google.casinocoin.core.WalletTest" name="autosaveDelayed"/>
  <testcase time="0.305" classname="com.google.casinocoin.core.WalletTest" name="replayWhilstPending"/>
  <testcase time="0.836" classname="com.google.casinocoin.core.WalletTest" name="encryptionDecryptionBasic"/>
  <testcase time="0.554" classname="com.google.casinocoin.core.WalletTest" name="ageMattersDuringSelection"/>
  <testcase time="0.303" classname="com.google.casinocoin.core.WalletTest" name="respectMaxStandardSize"/>
  <testcase time="0.306" classname="com.google.casinocoin.core.WalletTest" name="balances"/>
  <testcase time="0.325" classname="com.google.casinocoin.core.WalletTest" name="bounce"/>
  <testcase time="0.308" classname="com.google.casinocoin.core.WalletTest" name="pending1"/>
  <testcase time="0.315" classname="com.google.casinocoin.core.WalletTest" name="pending2"/>
  <testcase time="0.302" classname="com.google.casinocoin.core.WalletTest" name="pending3"/>
  <testcase time="0.368" classname="com.google.casinocoin.core.WalletTest" name="basicSpendingWithEncryptedWallet"/>
  <testcase time="0.344" classname="com.google.casinocoin.core.WalletTest" name="basicSpendingWithEncryptedHetergeneousWallet"/>
  <testcase time="0.353" classname="com.google.casinocoin.core.WalletTest" name="doubleSpendUnspendsOtherInputs"/>
  <testcase time="0.311" classname="com.google.casinocoin.core.WalletTest" name="spendOutputFromPendingTransaction"/>
  <testcase time="0.285" classname="com.google.casinocoin.core.WalletTest" name="encryptionDecryptionBadPassword"/>
  <testcase time="0.287" classname="com.google.casinocoin.core.WalletTest" name="encryptionDecryptionCheckExceptions"/>
  <testcase time="0.309" classname="com.google.casinocoin.core.WalletTest" name="encryptionDecryptionHomogenousKeys">
    <error type="java.lang.ExceptionInInitializerError">java.lang.ExceptionInInitializerError
	at org.casinocoinj.wallet.Protos$ScryptParameters.internalGetFieldAccessorTable(Protos.java:5455)
	at com.google.protobuf.GeneratedMessage.getDescriptorForType(GeneratedMessage.java:97)
	at com.google.protobuf.AbstractMessage.equals(AbstractMessage.java:160)
	at com.google.common.base.Objects.equal(Objects.java:58)
	at com.google.casinocoin.crypto.KeyCrypterScrypt.equals(KeyCrypterScrypt.java:255)
	at com.google.casinocoin.core.Wallet.addKeys(Wallet.java:2048)
	at com.google.casinocoin.core.Wallet.addKey(Wallet.java:2027)
	at com.google.casinocoin.core.WalletTest.encryptionDecryptionHomogenousKeys(WalletTest.java:1186)
	at sun.reflect.NativeMethodAccessorImpl.invoke0(Native Method)
	at sun.reflect.NativeMethodAccessorImpl.invoke(NativeMethodAccessorImpl.java:57)
	at sun.reflect.DelegatingMethodAccessorImpl.invoke(DelegatingMethodAccessorImpl.java:43)
	at java.lang.reflect.Method.invoke(Method.java:601)
	at org.junit.runners.model.FrameworkMethod$1.runReflectiveCall(FrameworkMethod.java:44)
	at org.junit.internal.runners.model.ReflectiveCallable.run(ReflectiveCallable.java:15)
	at org.junit.runners.model.FrameworkMethod.invokeExplosively(FrameworkMethod.java:41)
	at org.junit.internal.runners.statements.InvokeMethod.evaluate(InvokeMethod.java:20)
	at org.junit.internal.runners.statements.RunBefores.evaluate(RunBefores.java:28)
	at org.junit.runners.BlockJUnit4ClassRunner.runNotIgnored(BlockJUnit4ClassRunner.java:79)
	at org.junit.runners.BlockJUnit4ClassRunner.runChild(BlockJUnit4ClassRunner.java:71)
	at org.junit.runners.BlockJUnit4ClassRunner.runChild(BlockJUnit4ClassRunner.java:49)
	at org.junit.runners.ParentRunner$3.run(ParentRunner.java:193)
	at org.junit.runners.ParentRunner$1.schedule(ParentRunner.java:52)
	at org.junit.runners.ParentRunner.runChildren(ParentRunner.java:191)
	at org.junit.runners.ParentRunner.access$000(ParentRunner.java:42)
	at org.junit.runners.ParentRunner$2.evaluate(ParentRunner.java:184)
	at org.junit.runners.ParentRunner.run(ParentRunner.java:236)
	at org.apache.maven.surefire.junit4.JUnit4TestSet.execute(JUnit4TestSet.java:53)
	at org.apache.maven.surefire.junit4.JUnit4Provider.executeTestSet(JUnit4Provider.java:123)
	at org.apache.maven.surefire.junit4.JUnit4Provider.invoke(JUnit4Provider.java:104)
	at sun.reflect.NativeMethodAccessorImpl.invoke0(Native Method)
	at sun.reflect.NativeMethodAccessorImpl.invoke(NativeMethodAccessorImpl.java:57)
	at sun.reflect.DelegatingMethodAccessorImpl.invoke(DelegatingMethodAccessorImpl.java:43)
	at java.lang.reflect.Method.invoke(Method.java:601)
	at org.apache.maven.surefire.util.ReflectionUtils.invokeMethodWithArray(ReflectionUtils.java:164)
	at org.apache.maven.surefire.booter.ProviderFactory$ProviderProxy.invoke(ProviderFactory.java:110)
	at org.apache.maven.surefire.booter.SurefireStarter.invokeProvider(SurefireStarter.java:172)
	at org.apache.maven.surefire.booter.SurefireStarter.runSuitesInProcessWhenForked(SurefireStarter.java:104)
	at org.apache.maven.surefire.booter.ForkedBooter.main(ForkedBooter.java:70)
Caused by: java.lang.IllegalArgumentException: Failed to parse protocol buffer descriptor for generated code.
	at com.google.protobuf.Descriptors$FileDescriptor.internalBuildGeneratedFileFrom(Descriptors.java:286)
	at org.casinocoinj.wallet.Protos.&lt;clinit&gt;(Protos.java:8444)
	... 38 more
Caused by: com.google.protobuf.InvalidProtocolBufferException: Protocol message tag had invalid wire type.
	at com.google.protobuf.InvalidProtocolBufferException.invalidWireType(InvalidProtocolBufferException.java:78)
	at com.google.protobuf.UnknownFieldSet$Builder.mergeFieldFrom(UnknownFieldSet.java:498)
	at com.google.protobuf.GeneratedMessage$Builder.parseUnknownField(GeneratedMessage.java:438)
	at com.google.protobuf.DescriptorProtos$FileDescriptorProto$Builder.mergeFrom(DescriptorProtos.java:1458)
	at com.google.protobuf.DescriptorProtos$FileDescriptorProto$Builder.mergeFrom(DescriptorProtos.java:1079)
	at com.google.protobuf.AbstractMessage$Builder.mergeFrom(AbstractMessage.java:300)
	at com.google.protobuf.AbstractMessage$Builder.mergeFrom(AbstractMessage.java:238)
	at com.google.protobuf.AbstractMessageLite$Builder.mergeFrom(AbstractMessageLite.java:162)
	at com.google.protobuf.AbstractMessage$Builder.mergeFrom(AbstractMessage.java:716)
	at com.google.protobuf.AbstractMessage$Builder.mergeFrom(AbstractMessage.java:238)
	at com.google.protobuf.AbstractMessageLite$Builder.mergeFrom(AbstractMessageLite.java:153)
	at com.google.protobuf.AbstractMessage$Builder.mergeFrom(AbstractMessage.java:709)
	at com.google.protobuf.DescriptorProtos$FileDescriptorProto.parseFrom(DescriptorProtos.java:1013)
	at com.google.protobuf.Descriptors$FileDescriptor.internalBuildGeneratedFileFrom(Descriptors.java:284)
	... 39 more
</error>
    <system-err>11:06:37 1 AbstractBlockChain.&lt;init&gt;: chain head is at height 0:
v1 block: 
   previous block: 0000000000000000000000000000000000000000000000000000000000000000
   merkle root: 6b56c40297ea6ebf5845595e3464ebc4db4c7cdcebd5eda9d44a1684b63c68c0
   time: [1375419978] Thu Aug 01 23:06:18 MDT 2013
   difficulty target (nBits): 545259519
   nonce: 2

</system-err>
  </testcase>
</testsuite>