<?xml version="1.0" encoding="UTF-8" ?>
<testsuite failures="1" time="0.416" errors="0" skipped="0" tests="11" name="com.google.casinocoin.core.PeerGroupTest">
  <properties>
[...]
</properties>
  <testcase time="0.062" classname="com.google.casinocoin.core.PeerGroupTest" name="listener"/>
  <testcase time="0.026" classname="com.google.casinocoin.core.PeerGroupTest" name="peerDiscoveryPolling"/>
  <testcase time="0.032" classname="com.google.casinocoin.core.PeerGroupTest" name="receiveTxBroadcast"/>
  <testcase time="0.039" classname="com.google.casinocoin.core.PeerGroupTest" name="singleDownloadPeer1"/>
  <testcase time="0.035" classname="com.google.casinocoin.core.PeerGroupTest" name="singleDownloadPeer2"/>
  <testcase time="0.019" classname="com.google.casinocoin.core.PeerGroupTest" name="testWalletCatchupTime"/>
  <testcase time="0.022" classname="com.google.casinocoin.core.PeerGroupTest" name="downloadPeerSelection"/>
  <testcase time="0.014" classname="com.google.casinocoin.core.PeerGroupTest" name="transactionConfidence"/>
  <testcase time="0.049" classname="com.google.casinocoin.core.PeerGroupTest" name="announce">
    <failure type="java.lang.AssertionError:">java.lang.AssertionError: 
	at org.junit.Assert.fail(Assert.java:91)
	at org.junit.Assert.assertTrue(Assert.java:43)
	at org.junit.Assert.assertTrue(Assert.java:54)
	at com.google.casinocoin.core.PeerGroupTest.announce(PeerGroupTest.java:314)
	at sun.reflect.NativeMethodAccessorImpl.invoke0(Native Method)
	at sun.reflect.NativeMethodAccessorImpl.invoke(NativeMethodAccessorImpl.java:57)
	at sun.reflect.DelegatingMethodAccessorImpl.invoke(DelegatingMethodAccessorImpl.java:43)
	at java.lang.reflect.Method.invoke(Method.java:601)
	at org.junit.runners.model.FrameworkMethod$1.runReflectiveCall(FrameworkMethod.java:44)
	at org.junit.internal.runners.model.ReflectiveCallable.run(ReflectiveCallable.java:15)
	at org.junit.runners.model.FrameworkMethod.invokeExplosively(FrameworkMethod.java:41)
	at org.junit.internal.runners.statements.InvokeMethod.evaluate(InvokeMethod.java:20)
	at org.junit.internal.runners.statements.RunBefores.evaluate(RunBefores.java:28)
	at org.junit.internal.runners.statements.RunAfters.evaluate(RunAfters.java:31)
	at org.junit.runners.BlockJUnit4ClassRunner.runNotIgnored(BlockJUnit4ClassRunner.java:79)
	at org.junit.runners.BlockJUnit4ClassRunner.runChild(BlockJUnit4ClassRunner.java:71)
	at org.junit.runners.BlockJUnit4ClassRunner.runChild(BlockJUnit4ClassRunner.java:49)
	at org.junit.runners.ParentRunner$3.run(ParentRunner.java:193)
	at org.junit.runners.ParentRunner$1.schedule(ParentRunner.java:52)
	at org.junit.runners.ParentRunner.runChildren(ParentRunner.java:191)
	at org.junit.runners.ParentRunner.access$000(ParentRunner.java:42)
	at org.junit.runners.ParentRunner$2.evaluate(ParentRunner.java:184)
	at org.junit.runners.ParentRunner.run(ParentRunner.java:236)
	at org.apache.maven.surefire.junit4.JUnit4TestSet.execute(JUnit4TestSet.java:53)
	at org.apache.maven.surefire.junit4.JUnit4Provider.executeTestSet(JUnit4Provider.java:123)
	at org.apache.maven.surefire.junit4.JUnit4Provider.invoke(JUnit4Provider.java:104)
	at sun.reflect.NativeMethodAccessorImpl.invoke0(Native Method)
	at sun.reflect.NativeMethodAccessorImpl.invoke(NativeMethodAccessorImpl.java:57)
	at sun.reflect.DelegatingMethodAccessorImpl.invoke(DelegatingMethodAccessorImpl.java:43)
	at java.lang.reflect.Method.invoke(Method.java:601)
	at org.apache.maven.surefire.util.ReflectionUtils.invokeMethodWithArray(ReflectionUtils.java:164)
	at org.apache.maven.surefire.booter.ProviderFactory$ProviderProxy.invoke(ProviderFactory.java:110)
	at org.apache.maven.surefire.booter.SurefireStarter.invokeProvider(SurefireStarter.java:172)
	at org.apache.maven.surefire.booter.SurefireStarter.runSuitesInProcessWhenForked(SurefireStarter.java:104)
	at org.apache.maven.surefire.booter.ForkedBooter.main(ForkedBooter.java:70)
</failure>
    <system-err>11:06:24 1 AbstractBlockChain.&lt;init&gt;: chain head is at height 0:
v1 block: 
   previous block: 0000000000000000000000000000000000000000000000000000000000000000
   merkle root: 6b56c40297ea6ebf5845595e3464ebc4db4c7cdcebd5eda9d44a1684b63c68c0
   time: [1375419978] Thu Aug 01 23:06:18 MDT 2013
   difficulty target (nBits): 545259519
   nonce: 2

11:06:24 1 PeerGroup.handleNewPeer: [127.0.0.1]:2001: New peer
11:06:24 1 PeerGroup.setDownloadPeer: Setting download peer: [127.0.0.1]:2001
11:06:24 1 PeerGroup.handleNewPeer: [127.0.0.1]:2002: New peer
11:06:24 1 Peer.setBloomFilter: [127.0.0.1]:2002: Sending Bloom filter and querying mempool
11:06:24 1 Wallet.receive: Received tx  for 50.00 CSC: 9e6dece05c97d7f053793c6e00cef712e352f7dcbf7eadd7e9792ea971d62b57
11:06:24 1 Wallet.processTxFromBestChain:   new tx 9e6dece05c97d7f053793c6e00cef712e352f7dcbf7eadd7e9792ea971d62b57 -&gt;unspent
11:06:24 1 Wallet.receive: Balance is now: 50.00
11:06:24 1 Wallet.completeTx: Completing send tx with 1 outputs totalling 1.00
11:06:24 1 Wallet.completeTx:   with 49.00 coins change
11:06:24 1 Wallet.completeTx:   completed 9be143c12f926a983e075855e856bc3b24e0cc626410e6581139d3f858dd954a with 1 inputs
11:06:24 1 Wallet.commitTx: commitTx of 9be143c12f926a983e075855e856bc3b24e0cc626410e6581139d3f858dd954a
11:06:24 1 Wallet.maybeMovePool:   9e6dece05c97d7f053793c6e00cef712e352f7dcbf7eadd7e9792ea971d62b57 prevtx &lt;-unspent -&gt;spent
11:06:24 1 Wallet.commitTx: -&gt;pending: 9be143c12f926a983e075855e856bc3b24e0cc626410e6581139d3f858dd954a
11:06:24 1 PeerGroup.broadcastTransaction: Waiting for 2 peers required for broadcast ...
11:06:24 1 PeerGroup$7.run: broadcastTransaction: Enough peers, adding 9be143c12f926a983e075855e856bc3b24e0cc626410e6581139d3f858dd954a to the memory pool and sending to [127.0.0.1]:2001
11:06:24 1 PeerGroup$7$1.onConfidenceChanged: broadcastTransaction: TX 9be143c12f926a983e075855e856bc3b24e0cc626410e6581139d3f858dd954a seen by 2 peers
11:06:24 1 PeerGroup$7$1.onConfidenceChanged: broadcastTransaction: 9be143c12f926a983e075855e856bc3b24e0cc626410e6581139d3f858dd954a complete
11:06:24 1 Wallet.receive: Received tx  for -1.00 CSC: 9be143c12f926a983e075855e856bc3b24e0cc626410e6581139d3f858dd954a
11:06:24 1 Wallet.receive:   &lt;-pending
11:06:24 1 Wallet.receive:   -&gt;unspent
11:06:24 1 Wallet.receive: Balance is now: 49.00
11:06:24 1 Wallet.completeTx: Completing send tx with 1 outputs totalling 2.00
11:06:24 1 Wallet.completeTx:   with 47.00 coins change
11:06:24 1 Wallet.completeTx:   completed e44fa111469ef29c3794aaa335efa25dbb689ce0587392389ce0f0e4a2589d1a with 1 inputs
11:06:24 1 Wallet.commitTx: commitTx of e44fa111469ef29c3794aaa335efa25dbb689ce0587392389ce0f0e4a2589d1a
11:06:24 1 Wallet.maybeMovePool:   9be143c12f926a983e075855e856bc3b24e0cc626410e6581139d3f858dd954a prevtx &lt;-unspent -&gt;spent
11:06:24 1 Wallet.commitTx: -&gt;pending: e44fa111469ef29c3794aaa335efa25dbb689ce0587392389ce0f0e4a2589d1a
11:06:24 1 PeerGroup.announcePendingWalletTransactions: [127.0.0.1]:2001: Announcing 1 pending wallet transactions
11:06:24 1 PeerGroup.announcePendingWalletTransactions: [127.0.0.1]:2002: Announcing 1 pending wallet transactions
11:06:24 1 Peer.setBloomFilter: [127.0.0.1]:2002: Sending Bloom filter and querying mempool
</system-err>
  </testcase>
  <testcase time="0.009" classname="com.google.casinocoin.core.PeerGroupTest" name="noPings"/>
  <testcase time="0.107" classname="com.google.casinocoin.core.PeerGroupTest" name="pings"/>
</testsuite>