<?xml version="1.0" encoding="UTF-8" ?>
<testsuite failures="1" time="0.554" errors="1" skipped="0" tests="9" name="com.google.casinocoin.core.BlockChainTest">
  <properties>
[...]
</properties>
  <testcase time="0.089" classname="com.google.casinocoin.core.BlockChainTest" name="testBasicChaining">
    <error message="Hash is higher than target: 33004af7b70f4ffd5224b96989567022898f3712e86b28f4acf74b22b6cfc74b vs 7fff80000000000000000000000000000000000000000000000000000" type="com.google.casinocoin.core.VerificationException">com.google.casinocoin.core.VerificationException: Hash is higher than target: 33004af7b70f4ffd5224b96989567022898f3712e86b28f4acf74b22b6cfc74b vs 7fff80000000000000000000000000000000000000000000000000000
	at com.google.casinocoin.core.Block.checkProofOfWork(Block.java:625)
	at com.google.casinocoin.core.Block.verifyHeader(Block.java:746)
	at com.google.casinocoin.core.BlockChainTest.getBlock1(BlockChainTest.java:363)
	at com.google.casinocoin.core.BlockChainTest.testBasicChaining(BlockChainTest.java:79)
	at sun.reflect.NativeMethodAccessorImpl.invoke0(Native Method)
	at sun.reflect.NativeMethodAccessorImpl.invoke(NativeMethodAccessorImpl.java:57)
	at sun.reflect.DelegatingMethodAccessorImpl.invoke(DelegatingMethodAccessorImpl.java:43)
	at java.lang.reflect.Method.invoke(Method.java:601)
	at org.junit.runners.model.FrameworkMethod$1.runReflectiveCall(FrameworkMethod.java:44)
	at org.junit.internal.runners.model.ReflectiveCallable.run(ReflectiveCallable.java:15)
	at org.junit.runners.model.FrameworkMethod.invokeExplosively(FrameworkMethod.java:41)
	at org.junit.internal.runners.statements.InvokeMethod.evaluate(InvokeMethod.java:20)
	at org.junit.internal.runners.statements.RunBefores.evaluate(RunBefores.java:28)
	at org.junit.runners.BlockJUnit4ClassRunner.runNotIgnored(BlockJUnit4ClassRunner.java:79)
	at org.junit.runners.BlockJUnit4ClassRunner.runChild(BlockJUnit4ClassRunner.java:71)
	at org.junit.runners.BlockJUnit4ClassRunner.runChild(BlockJUnit4ClassRunner.java:49)
	at org.junit.runners.ParentRunner$3.run(ParentRunner.java:193)
	at org.junit.runners.ParentRunner$1.schedule(ParentRunner.java:52)
	at org.junit.runners.ParentRunner.runChildren(ParentRunner.java:191)
	at org.junit.runners.ParentRunner.access$000(ParentRunner.java:42)
	at org.junit.runners.ParentRunner$2.evaluate(ParentRunner.java:184)
	at org.junit.runners.ParentRunner.run(ParentRunner.java:236)
	at org.apache.maven.surefire.junit4.JUnit4TestSet.execute(JUnit4TestSet.java:53)
	at org.apache.maven.surefire.junit4.JUnit4Provider.executeTestSet(JUnit4Provider.java:123)
	at org.apache.maven.surefire.junit4.JUnit4Provider.invoke(JUnit4Provider.java:104)
	at sun.reflect.NativeMethodAccessorImpl.invoke0(Native Method)
	at sun.reflect.NativeMethodAccessorImpl.invoke(NativeMethodAccessorImpl.java:57)
	at sun.reflect.DelegatingMethodAccessorImpl.invoke(DelegatingMethodAccessorImpl.java:43)
	at java.lang.reflect.Method.invoke(Method.java:601)
	at org.apache.maven.surefire.util.ReflectionUtils.invokeMethodWithArray(ReflectionUtils.java:164)
	at org.apache.maven.surefire.booter.ProviderFactory$ProviderProxy.invoke(ProviderFactory.java:110)
	at org.apache.maven.surefire.booter.SurefireStarter.invokeProvider(SurefireStarter.java:172)
	at org.apache.maven.surefire.booter.SurefireStarter.runSuitesInProcessWhenForked(SurefireStarter.java:104)
	at org.apache.maven.surefire.booter.ForkedBooter.main(ForkedBooter.java:70)
</error>
    <system-err>11:06:18 1 AbstractBlockChain.&lt;init&gt;: chain head is at height 0:
v1 block: 
   previous block: 0000000000000000000000000000000000000000000000000000000000000000
   merkle root: 4a5e1e4baab89f3a32518a88c31bc87f618f76673e2cc77ab2127b7afdeda33b
   time: [1296688602] Wed Feb 02 16:16:42 MST 2011
   difficulty target (nBits): 487063544
   nonce: 384568319

11:06:18 1 AbstractBlockChain.&lt;init&gt;: chain head is at height 0:
v1 block: 
   previous block: 0000000000000000000000000000000000000000000000000000000000000000
   merkle root: 6b56c40297ea6ebf5845595e3464ebc4db4c7cdcebd5eda9d44a1684b63c68c0
   time: [1375419978] Thu Aug 01 23:06:18 MDT 2013
   difficulty target (nBits): 545259519
   nonce: 2

</system-err>
  </testcase>
  <testcase time="0.057" classname="com.google.casinocoin.core.BlockChainTest" name="unconnectedBlocks"/>
  <testcase time="0.073" classname="com.google.casinocoin.core.BlockChainTest" name="difficultyTransitions"/>
  <testcase time="0.055" classname="com.google.casinocoin.core.BlockChainTest" name="intraBlockDependencies"/>
  <testcase time="0.016" classname="com.google.casinocoin.core.BlockChainTest" name="estimatedBlockTime">
    <failure message="expected:&lt;Sun Jul 26 22:51:05 MDT 2015&gt; but was:&lt;Fri Apr 21 23:15:50 MDT 2017&gt;" type="java.lang.AssertionError">java.lang.AssertionError: expected:&lt;Sun Jul 26 22:51:05 MDT 2015&gt; but was:&lt;Fri Apr 21 23:15:50 MDT 2017&gt;
	at org.junit.Assert.fail(Assert.java:91)
	at org.junit.Assert.failNotEquals(Assert.java:645)
	at org.junit.Assert.assertEquals(Assert.java:126)
	at org.junit.Assert.assertEquals(Assert.java:145)
	at com.google.casinocoin.core.BlockChainTest.estimatedBlockTime(BlockChainTest.java:373)
	at sun.reflect.NativeMethodAccessorImpl.invoke0(Native Method)
	at sun.reflect.NativeMethodAccessorImpl.invoke(NativeMethodAccessorImpl.java:57)
	at sun.reflect.DelegatingMethodAccessorImpl.invoke(DelegatingMethodAccessorImpl.java:43)
	at java.lang.reflect.Method.invoke(Method.java:601)
	at org.junit.runners.model.FrameworkMethod$1.runReflectiveCall(FrameworkMethod.java:44)
	at org.junit.internal.runners.model.ReflectiveCallable.run(ReflectiveCallable.java:15)
	at org.junit.runners.model.FrameworkMethod.invokeExplosively(FrameworkMethod.java:41)
	at org.junit.internal.runners.statements.InvokeMethod.evaluate(InvokeMethod.java:20)
	at org.junit.internal.runners.statements.RunBefores.evaluate(RunBefores.java:28)
	at org.junit.runners.BlockJUnit4ClassRunner.runNotIgnored(BlockJUnit4ClassRunner.java:79)
	at org.junit.runners.BlockJUnit4ClassRunner.runChild(BlockJUnit4ClassRunner.java:71)
	at org.junit.runners.BlockJUnit4ClassRunner.runChild(BlockJUnit4ClassRunner.java:49)
	at org.junit.runners.ParentRunner$3.run(ParentRunner.java:193)
	at org.junit.runners.ParentRunner$1.schedule(ParentRunner.java:52)
	at org.junit.runners.ParentRunner.runChildren(ParentRunner.java:191)
	at org.junit.runners.ParentRunner.access$000(ParentRunner.java:42)
	at org.junit.runners.ParentRunner$2.evaluate(ParentRunner.java:184)
	at org.junit.runners.ParentRunner.run(ParentRunner.java:236)
	at org.apache.maven.surefire.junit4.JUnit4TestSet.execute(JUnit4TestSet.java:53)
	at org.apache.maven.surefire.junit4.JUnit4Provider.executeTestSet(JUnit4Provider.java:123)
	at org.apache.maven.surefire.junit4.JUnit4Provider.invoke(JUnit4Provider.java:104)
	at sun.reflect.NativeMethodAccessorImpl.invoke0(Native Method)
	at sun.reflect.NativeMethodAccessorImpl.invoke(NativeMethodAccessorImpl.java:57)
	at sun.reflect.DelegatingMethodAccessorImpl.invoke(DelegatingMethodAccessorImpl.java:43)
	at java.lang.reflect.Method.invoke(Method.java:601)
	at org.apache.maven.surefire.util.ReflectionUtils.invokeMethodWithArray(ReflectionUtils.java:164)
	at org.apache.maven.surefire.booter.ProviderFactory$ProviderProxy.invoke(ProviderFactory.java:110)
	at org.apache.maven.surefire.booter.SurefireStarter.invokeProvider(SurefireStarter.java:172)
	at org.apache.maven.surefire.booter.SurefireStarter.runSuitesInProcessWhenForked(SurefireStarter.java:104)
	at org.apache.maven.surefire.booter.ForkedBooter.main(ForkedBooter.java:70)
</failure>
    <system-err>11:06:18 1 AbstractBlockChain.&lt;init&gt;: chain head is at height 0:
v1 block: 
   previous block: 0000000000000000000000000000000000000000000000000000000000000000
   merkle root: 4a5e1e4baab89f3a32518a88c31bc87f618f76673e2cc77ab2127b7afdeda33b
   time: [1296688602] Wed Feb 02 16:16:42 MST 2011
   difficulty target (nBits): 487063544
   nonce: 384568319

11:06:18 1 AbstractBlockChain.&lt;init&gt;: chain head is at height 0:
v1 block: 
   previous block: 0000000000000000000000000000000000000000000000000000000000000000
   merkle root: 6b56c40297ea6ebf5845595e3464ebc4db4c7cdcebd5eda9d44a1684b63c68c0
   time: [1375419978] Thu Aug 01 23:06:18 MDT 2013
   difficulty target (nBits): 545259519
   nonce: 2

11:06:18 1 AbstractBlockChain.&lt;init&gt;: chain head is at height 0:
v1 block: 
   previous block: 0000000000000000000000000000000000000000000000000000000000000000
   merkle root: 73d304deca65f150913c0f87305dec7aa3913919889e483aa04bda87133023e6
   time: [1372838150] Wed Jul 03 01:55:50 MDT 2013
   difficulty target (nBits): 504365040
   nonce: 16762

</system-err>
  </testcase>
  <testcase time="0.016" classname="com.google.casinocoin.core.BlockChainTest" name="receiveCoins"/>
  <testcase time="0.065" classname="com.google.casinocoin.core.BlockChainTest" name="merkleRoots"/>
  <testcase time="0.024" classname="com.google.casinocoin.core.BlockChainTest" name="duplicates"/>
  <testcase time="0.157" classname="com.google.casinocoin.core.BlockChainTest" name="coinbaseTransactionAvailability"/>
</testsuite>